2019-07-30 23:37:13,538 ib_insync.client INFO Disconnected
2019-07-30 23:43:30,464 ib_insync.client WARNING Started to throttle requests
2019-07-30 23:43:31,181 ib_insync.wrapper ERROR Error 200, reqId 529984: No security definition has been found for the request, contract: Stock(symbol='BANKNIFTY', exchange='NSE')
2019-07-30 23:43:33,017 ib_insync.wrapper ERROR Error 200, reqId 530074: No security definition has been found for the request, contract: Stock(symbol='NIFTY50', exchange='NSE')
2019-07-30 23:43:33,018 ib_insync.wrapper ERROR Error 200, reqId 530075: No security definition has been found for the request, contract: Stock(symbol='NIFTYIT', exchange='NSE')
2019-07-30 23:43:33,508 ib_insync.client WARNING Stopped to throttle requests
2019-07-30 23:43:34,465 ib_insync.ib ERROR Unknown contract: Stock(symbol='BANKNIFTY', exchange='NSE')
2019-07-30 23:43:34,475 ib_insync.ib ERROR Unknown contract: Stock(symbol='NIFTY50', exchange='NSE')
2019-07-30 23:43:34,477 ib_insync.ib ERROR Unknown contract: Stock(symbol='NIFTYIT', exchange='NSE')
2019-07-30 23:43:34,494 ib_insync.client WARNING Started to throttle requests
2019-07-30 23:43:37,567 ib_insync.client WARNING Stopped to throttle requests
2019-07-30 23:43:46,652 ib_insync.client WARNING Started to throttle requests
2019-07-30 23:43:47,628 ib_insync.wrapper ERROR Error 200, reqId 530305: No security definition has been found for the request, contract: Option(symbol='ADANIENT', lastTradeDateOrContractMonth='20190926', strike=220.0, right='C', exchange='NSE')
2019-07-30 23:43:47,816 ib_insync.wrapper ERROR Error 200, reqId 530327: No security definition has been found for the request, contract: Option(symbol='ADANIPOWE', lastTradeDateOrContractMonth='20190926', strike=37.5, right='P', exchange='NSE')
2019-07-30 23:43:49,445 ib_insync.wrapper ERROR Error 200, reqId 530408: No security definition has been found for the request, contract: Option(symbol='AUROPHARM', lastTradeDateOrContractMonth='20190926', strike=830.0, right='C', exchange='NSE')
2019-07-30 23:43:50,440 ib_insync.wrapper ERROR Error 200, reqId 530455: No security definition has been found for the request, contract: Option(symbol='BALKRISIN', lastTradeDateOrContractMonth='20190926', strike=1160.0, right='C', exchange='NSE')
2019-07-30 23:43:50,441 ib_insync.wrapper ERROR Error 200, reqId 530456: No security definition has been found for the request, contract: Option(symbol='BALKRISIN', lastTradeDateOrContractMonth='20190926', strike=1180.0, right='C', exchange='NSE')
2019-07-30 23:43:50,442 ib_insync.wrapper ERROR Error 200, reqId 530457: No security definition has been found for the request, contract: Option(symbol='BALKRISIN', lastTradeDateOrContractMonth='20190926', strike=1140.0, right='C', exchange='NSE')
2019-07-30 23:43:50,443 ib_insync.wrapper ERROR Error 200, reqId 530458: No security definition has been found for the request, contract: Option(symbol='BALKRISIN', lastTradeDateOrContractMonth='20190926', strike=1200.0, right='C', exchange='NSE')
2019-07-30 23:43:50,443 ib_insync.wrapper ERROR Error 200, reqId 530459: No security definition has been found for the request, contract: Option(symbol='BALKRISIN', lastTradeDateOrContractMonth='20190926', strike=1120.0, right='C', exchange='NSE')
2019-07-30 23:43:50,501 ib_insync.wrapper ERROR Error 200, reqId 530465: No security definition has been found for the request, contract: Option(symbol='BANKBAROD', lastTradeDateOrContractMonth='20190926', strike=157.5, right='C', exchange='NSE')
2019-07-30 23:43:50,501 ib_insync.wrapper ERROR Error 200, reqId 530468: No security definition has been found for the request, contract: Option(symbol='BANKBAROD', lastTradeDateOrContractMonth='20190926', strike=152.5, right='C', exchange='NSE')
2019-07-30 23:43:50,501 ib_insync.wrapper ERROR Error 200, reqId 530469: No security definition has been found for the request, contract: Option(symbol='BANKBAROD', lastTradeDateOrContractMonth='20190926', strike=162.5, right='C', exchange='NSE')
2019-07-30 23:43:51,824 ib_insync.wrapper ERROR Error 0, reqId -1: Warning: Approaching max rate of 50 messages per second (44)
2019-07-30 23:43:52,282 ib_insync.wrapper ERROR Error 200, reqId 530518: No security definition has been found for the request, contract: Option(symbol='BHARATFOR', lastTradeDateOrContractMonth='20190926', strike=230.0, right='P', exchange='NSE')
2019-07-30 23:43:54,384 ib_insync.wrapper ERROR Error 200, reqId 530635: No security definition has been found for the request, contract: Option(symbol='CESC', lastTradeDateOrContractMonth='20190926', strike=550.0, right='P', exchange='NSE')
2019-07-30 23:43:54,425 ib_insync.wrapper ERROR Error 200, reqId 530637: No security definition has been found for the request, contract: Option(symbol='CESC', lastTradeDateOrContractMonth='20190926', strike=910.0, right='C', exchange='NSE')
2019-07-30 23:43:54,506 ib_insync.wrapper ERROR Error 200, reqId 530645: No security definition has been found for the request, contract: Option(symbol='CHOLAFIN', lastTradeDateOrContractMonth='20190926', strike=336.0, right='C', exchange='NSE')
2019-07-30 23:43:54,543 ib_insync.wrapper ERROR Error 200, reqId 530647: No security definition has been found for the request, contract: Option(symbol='CHOLAFIN', lastTradeDateOrContractMonth='20190926', strike=332.0, right='C', exchange='NSE')
2019-07-30 23:43:55,416 ib_insync.wrapper ERROR Error 200, reqId 530659: No security definition has been found for the request, contract: Option(symbol='CIPLA', lastTradeDateOrContractMonth='20190926', strike=665.0, right='C', exchange='NSE')
2019-07-30 23:43:55,420 ib_insync.wrapper ERROR Error 200, reqId 530676: No security definition has been found for the request, contract: Option(symbol='COLPAL', lastTradeDateOrContractMonth='20190926', strike=1500.0, right='C', exchange='NSE')
2019-07-30 23:43:55,451 ib_insync.wrapper ERROR Error 200, reqId 530679: No security definition has been found for the request, contract: Option(symbol='COLPAL', lastTradeDateOrContractMonth='20190926', strike=1480.0, right='C', exchange='NSE')
2019-07-30 23:43:56,387 ib_insync.wrapper ERROR Error 200, reqId 530707: No security definition has been found for the request, contract: Option(symbol='DABUR', lastTradeDateOrContractMonth='20190926', strike=295.0, right='P', exchange='NSE')
2019-07-30 23:43:56,387 ib_insync.wrapper ERROR Error 200, reqId 530709: No security definition has been found for the request, contract: Option(symbol='DABUR', lastTradeDateOrContractMonth='20190926', strike=290.0, right='P', exchange='NSE')
2019-07-30 23:43:56,400 ib_insync.wrapper ERROR Error 200, reqId 530717: No security definition has been found for the request, contract: Option(symbol='DHFL', lastTradeDateOrContractMonth='20190926', strike=190.0, right='C', exchange='NSE')
2019-07-30 23:43:56,401 ib_insync.wrapper ERROR Error 200, reqId 530716: No security definition has been found for the request, contract: Option(symbol='DHFL', lastTradeDateOrContractMonth='20190926', strike=200.0, right='C', exchange='NSE')
2019-07-30 23:43:56,401 ib_insync.wrapper ERROR Error 200, reqId 530718: No security definition has been found for the request, contract: Option(symbol='DHFL', lastTradeDateOrContractMonth='20190926', strike=180.0, right='C', exchange='NSE')
2019-07-30 23:43:56,401 ib_insync.wrapper ERROR Error 200, reqId 530715: No security definition has been found for the request, contract: Option(symbol='DHFL', lastTradeDateOrContractMonth='20190926', strike=210.0, right='C', exchange='NSE')
2019-07-30 23:43:56,464 ib_insync.wrapper ERROR Error 200, reqId 530719: No security definition has been found for the request, contract: Option(symbol='DHFL', lastTradeDateOrContractMonth='20190926', strike=170.0, right='C', exchange='NSE')
2019-07-30 23:43:56,492 ib_insync.wrapper ERROR Error 200, reqId 530725: No security definition has been found for the request, contract: Option(symbol='DISHTV', lastTradeDateOrContractMonth='20190926', strike=52.5, right='C', exchange='NSE')
2019-07-30 23:43:56,494 ib_insync.wrapper ERROR Error 200, reqId 530726: No security definition has been found for the request, contract: Option(symbol='DISHTV', lastTradeDateOrContractMonth='20190926', strike=55.0, right='C', exchange='NSE')
2019-07-30 23:43:56,495 ib_insync.wrapper ERROR Error 200, reqId 530727: No security definition has been found for the request, contract: Option(symbol='DISHTV', lastTradeDateOrContractMonth='20190926', strike=50.0, right='C', exchange='NSE')
2019-07-30 23:43:56,496 ib_insync.wrapper ERROR Error 200, reqId 530728: No security definition has been found for the request, contract: Option(symbol='DISHTV', lastTradeDateOrContractMonth='20190926', strike=47.5, right='C', exchange='NSE')
2019-07-30 23:43:57,423 ib_insync.wrapper ERROR Error 200, reqId 530759: No security definition has been found for the request, contract: Option(symbol='DRREDDY', lastTradeDateOrContractMonth='20190926', strike=3800.0, right='C', exchange='NSE')
2019-07-30 23:43:58,443 ib_insync.wrapper ERROR Error 200, reqId 530806: No security definition has been found for the request, contract: Option(symbol='EXIDEIND', lastTradeDateOrContractMonth='20190926', strike=105.0, right='P', exchange='NSE')
2019-07-30 23:43:58,449 ib_insync.wrapper ERROR Error 200, reqId 530809: No security definition has been found for the request, contract: Option(symbol='EXIDEIND', lastTradeDateOrContractMonth='20190926', strike=100.0, right='P', exchange='NSE')
2019-07-30 23:43:58,492 ib_insync.wrapper ERROR Error 200, reqId 530815: No security definition has been found for the request, contract: Option(symbol='FEDERALBN', lastTradeDateOrContractMonth='20190926', strike=123.0, right='C', exchange='NSE')
2019-07-30 23:43:58,496 ib_insync.wrapper ERROR Error 200, reqId 530818: No security definition has been found for the request, contract: Option(symbol='FEDERALBN', lastTradeDateOrContractMonth='20190926', strike=122.0, right='C', exchange='NSE')
2019-07-30 23:43:58,496 ib_insync.wrapper ERROR Error 200, reqId 530819: No security definition has been found for the request, contract: Option(symbol='FEDERALBN', lastTradeDateOrContractMonth='20190926', strike=124.0, right='C', exchange='NSE')
2019-07-30 23:43:59,619 ib_insync.wrapper ERROR Error 200, reqId 530865: No security definition has been found for the request, contract: Option(symbol='GRASIM', lastTradeDateOrContractMonth='20190926', strike=1050.0, right='C', exchange='NSE')
2019-07-30 23:43:59,629 ib_insync.wrapper ERROR Error 200, reqId 530869: No security definition has been found for the request, contract: Option(symbol='GRASIM', lastTradeDateOrContractMonth='20190926', strike=1070.0, right='C', exchange='NSE')
2019-07-30 23:43:59,632 ib_insync.wrapper ERROR Error 200, reqId 530868: No security definition has been found for the request, contract: Option(symbol='GRASIM', lastTradeDateOrContractMonth='20190926', strike=1030.0, right='C', exchange='NSE')
2019-07-30 23:44:01,480 ib_insync.wrapper ERROR Error 200, reqId 530927: No security definition has been found for the request, contract: Option(symbol='HEXAWARE', lastTradeDateOrContractMonth='20190926', strike=505.0, right='C', exchange='NSE')
2019-07-30 23:44:01,490 ib_insync.wrapper ERROR Error 200, reqId 530926: No security definition has been found for the request, contract: Option(symbol='HEXAWARE', lastTradeDateOrContractMonth='20190926', strike=510.0, right='C', exchange='NSE')
2019-07-30 23:44:01,493 ib_insync.wrapper ERROR Error 200, reqId 530925: No security definition has been found for the request, contract: Option(symbol='HEXAWARE', lastTradeDateOrContractMonth='20190926', strike=515.0, right='C', exchange='NSE')
2019-07-30 23:44:01,495 ib_insync.wrapper ERROR Error 200, reqId 530928: No security definition has been found for the request, contract: Option(symbol='HEXAWARE', lastTradeDateOrContractMonth='20190926', strike=500.0, right='C', exchange='NSE')
2019-07-30 23:44:01,497 ib_insync.wrapper ERROR Error 200, reqId 530929: No security definition has been found for the request, contract: Option(symbol='HEXAWARE', lastTradeDateOrContractMonth='20190926', strike=495.0, right='C', exchange='NSE')
2019-07-30 23:44:01,539 ib_insync.wrapper ERROR Error 200, reqId 530937: No security definition has been found for the request, contract: Option(symbol='HINDALCO', lastTradeDateOrContractMonth='20190926', strike=257.5, right='C', exchange='NSE')
2019-07-30 23:44:01,541 ib_insync.wrapper ERROR Error 200, reqId 530946: No security definition has been found for the request, contract: Option(symbol='HINDPETRO', lastTradeDateOrContractMonth='20190926', strike=375.0, right='C', exchange='NSE')
2019-07-30 23:44:01,550 ib_insync.wrapper ERROR Error 200, reqId 530949: No security definition has been found for the request, contract: Option(symbol='HINDPETRO', lastTradeDateOrContractMonth='20190926', strike=365.0, right='C', exchange='NSE')
2019-07-30 23:44:02,483 ib_insync.wrapper ERROR Error 200, reqId 530967: No security definition has been found for the request, contract: Option(symbol='HINDZINC', lastTradeDateOrContractMonth='20190926', strike=145.0, right='P', exchange='NSE')
2019-07-30 23:44:02,483 ib_insync.wrapper ERROR Error 200, reqId 530968: No security definition has been found for the request, contract: Option(symbol='HINDZINC', lastTradeDateOrContractMonth='20190926', strike=140.0, right='P', exchange='NSE')
2019-07-30 23:44:02,702 ib_insync.wrapper ERROR Error 200, reqId 531005: No security definition has been found for the request, contract: Option(symbol='IDBI', lastTradeDateOrContractMonth='20190926', strike=58.0, right='C', exchange='NSE')
2019-07-30 23:44:02,745 ib_insync.wrapper ERROR Error 200, reqId 531006: No security definition has been found for the request, contract: Option(symbol='IDBI', lastTradeDateOrContractMonth='20190926', strike=57.0, right='C', exchange='NSE')
2019-07-30 23:44:02,746 ib_insync.wrapper ERROR Error 200, reqId 531007: No security definition has been found for the request, contract: Option(symbol='IDBI', lastTradeDateOrContractMonth='20190926', strike=56.0, right='C', exchange='NSE')
2019-07-30 23:44:02,747 ib_insync.wrapper ERROR Error 200, reqId 531008: No security definition has been found for the request, contract: Option(symbol='IDBI', lastTradeDateOrContractMonth='20190926', strike=55.0, right='C', exchange='NSE')
2019-07-30 23:44:03,524 ib_insync.wrapper ERROR Error 200, reqId 531015: No security definition has been found for the request, contract: Option(symbol='IDEA', lastTradeDateOrContractMonth='20190926', strike=24.0, right='C', exchange='NSE')
2019-07-30 23:44:03,532 ib_insync.wrapper ERROR Error 200, reqId 531016: No security definition has been found for the request, contract: Option(symbol='IDEA', lastTradeDateOrContractMonth='20190926', strike=25.0, right='C', exchange='NSE')
2019-07-30 23:44:03,534 ib_insync.wrapper ERROR Error 200, reqId 531017: No security definition has been found for the request, contract: Option(symbol='IDEA', lastTradeDateOrContractMonth='20190926', strike=23.0, right='C', exchange='NSE')
2019-07-30 23:44:03,536 ib_insync.wrapper ERROR Error 200, reqId 531018: No security definition has been found for the request, contract: Option(symbol='IDEA', lastTradeDateOrContractMonth='20190926', strike=26.0, right='C', exchange='NSE')
2019-07-30 23:44:04,551 ib_insync.wrapper ERROR Error 200, reqId 531055: No security definition has been found for the request, contract: Option(symbol='INDUSINDB', lastTradeDateOrContractMonth='20190926', strike=1920.0, right='C', exchange='NSE')
2019-07-30 23:44:04,583 ib_insync.wrapper ERROR Error 200, reqId 531057: No security definition has been found for the request, contract: Option(symbol='INDUSINDB', lastTradeDateOrContractMonth='20190926', strike=1940.0, right='C', exchange='NSE')
2019-07-30 23:44:04,785 ib_insync.wrapper ERROR Error 200, reqId 531095: No security definition has been found for the request, contract: Option(symbol='ITC', lastTradeDateOrContractMonth='20190926', strike=332.5, right='C', exchange='NSE')
2019-07-30 23:44:04,819 ib_insync.wrapper ERROR Error 200, reqId 531099: No security definition has been found for the request, contract: Option(symbol='ITC', lastTradeDateOrContractMonth='20190926', strike=337.5, right='C', exchange='NSE')
2019-07-30 23:44:04,820 ib_insync.wrapper ERROR Error 200, reqId 531097: No security definition has been found for the request, contract: Option(symbol='ITC', lastTradeDateOrContractMonth='20190926', strike=335.0, right='C', exchange='NSE')
2019-07-30 23:44:07,782 ib_insync.wrapper ERROR Error 200, reqId 531207: No security definition has been found for the request, contract: Option(symbol='MANAPPURA', lastTradeDateOrContractMonth='20190926', strike=157.5, right='C', exchange='NSE')
2019-07-30 23:44:07,795 ib_insync.wrapper ERROR Error 200, reqId 531208: No security definition has been found for the request, contract: Option(symbol='MANAPPURA', lastTradeDateOrContractMonth='20190926', strike=152.5, right='C', exchange='NSE')
2019-07-30 23:44:08,636 ib_insync.wrapper ERROR Error 200, reqId 531237: No security definition has been found for the request, contract: Option(symbol='MCDOWELL-', lastTradeDateOrContractMonth='20190926', strike=350.0, right='P', exchange='NSE')
2019-07-30 23:44:08,639 ib_insync.wrapper ERROR Error 200, reqId 531239: No security definition has been found for the request, contract: Option(symbol='MCDOWELL-', lastTradeDateOrContractMonth='20190926', strike=340.0, right='P', exchange='NSE')
2019-07-30 23:44:08,688 ib_insync.wrapper ERROR Error 200, reqId 531267: No security definition has been found for the request, contract: Option(symbol='MGL', lastTradeDateOrContractMonth='20190926', strike=1010.0, right='C', exchange='NSE')
2019-07-30 23:44:08,688 ib_insync.wrapper ERROR Error 200, reqId 531268: No security definition has been found for the request, contract: Option(symbol='MGL', lastTradeDateOrContractMonth='20190926', strike=990.0, right='C', exchange='NSE')
2019-07-30 23:44:08,873 ib_insync.wrapper ERROR Error 200, reqId 531279: No security definition has been found for the request, contract: Option(symbol='MINDTREE', lastTradeDateOrContractMonth='20190926', strike=1160.0, right='C', exchange='NSE')
2019-07-30 23:44:09,875 ib_insync.wrapper ERROR Error 200, reqId 531315: No security definition has been found for the request, contract: Option(symbol='MRF', lastTradeDateOrContractMonth='20190926', strike=67500.0, right='C', exchange='NSE')
2019-07-30 23:44:10,711 ib_insync.wrapper ERROR Error 200, reqId 531347: No security definition has been found for the request, contract: Option(symbol='NBCC', lastTradeDateOrContractMonth='20190926', strike=67.5, right='C', exchange='NSE')
2019-07-30 23:44:11,670 ib_insync.wrapper ERROR Error 200, reqId 531375: No security definition has been found for the request, contract: Option(symbol='NIITTECH', lastTradeDateOrContractMonth='20190926', strike=1660.0, right='C', exchange='NSE')
2019-07-30 23:44:11,702 ib_insync.wrapper ERROR Error 200, reqId 531376: No security definition has been found for the request, contract: Option(symbol='NIITTECH', lastTradeDateOrContractMonth='20190926', strike=1640.0, right='C', exchange='NSE')
2019-07-30 23:44:11,716 ib_insync.wrapper ERROR Error 200, reqId 531377: No security definition has been found for the request, contract: Option(symbol='NIITTECH', lastTradeDateOrContractMonth='20190926', strike=1680.0, right='C', exchange='NSE')
2019-07-30 23:44:11,717 ib_insync.wrapper ERROR Error 200, reqId 531378: No security definition has been found for the request, contract: Option(symbol='NIITTECH', lastTradeDateOrContractMonth='20190926', strike=1620.0, right='C', exchange='NSE')
2019-07-30 23:44:11,718 ib_insync.wrapper ERROR Error 200, reqId 531379: No security definition has been found for the request, contract: Option(symbol='NIITTECH', lastTradeDateOrContractMonth='20190926', strike=1700.0, right='C', exchange='NSE')
2019-07-30 23:44:11,877 ib_insync.wrapper ERROR Error 200, reqId 531405: No security definition has been found for the request, contract: Option(symbol='OFSS', lastTradeDateOrContractMonth='20190926', strike=4200.0, right='C', exchange='NSE')
2019-07-30 23:44:11,881 ib_insync.wrapper ERROR Error 200, reqId 531406: No security definition has been found for the request, contract: Option(symbol='OFSS', lastTradeDateOrContractMonth='20190926', strike=4250.0, right='C', exchange='NSE')
2019-07-30 23:44:11,926 ib_insync.wrapper ERROR Error 200, reqId 531407: No security definition has been found for the request, contract: Option(symbol='OFSS', lastTradeDateOrContractMonth='20190926', strike=4150.0, right='C', exchange='NSE')
2019-07-30 23:44:11,927 ib_insync.wrapper ERROR Error 200, reqId 531408: No security definition has been found for the request, contract: Option(symbol='OFSS', lastTradeDateOrContractMonth='20190926', strike=4300.0, right='C', exchange='NSE')
2019-07-30 23:44:11,928 ib_insync.wrapper ERROR Error 200, reqId 531409: No security definition has been found for the request, contract: Option(symbol='OFSS', lastTradeDateOrContractMonth='20190926', strike=4100.0, right='C', exchange='NSE')
2019-07-30 23:44:12,744 ib_insync.wrapper ERROR Error 200, reqId 531435: No security definition has been found for the request, contract: Option(symbol='PAGEIND', lastTradeDateOrContractMonth='20190926', strike=31000.0, right='C', exchange='NSE')
2019-07-30 23:44:12,745 ib_insync.wrapper ERROR Error 200, reqId 531436: No security definition has been found for the request, contract: Option(symbol='PAGEIND', lastTradeDateOrContractMonth='20190926', strike=30500.0, right='C', exchange='NSE')
2019-07-30 23:44:12,745 ib_insync.wrapper ERROR Error 200, reqId 531438: No security definition has been found for the request, contract: Option(symbol='PAGEIND', lastTradeDateOrContractMonth='20190926', strike=29500.0, right='C', exchange='NSE')
2019-07-30 23:44:12,745 ib_insync.wrapper ERROR Error 200, reqId 531437: No security definition has been found for the request, contract: Option(symbol='PAGEIND', lastTradeDateOrContractMonth='20190926', strike=30000.0, right='C', exchange='NSE')
2019-07-30 23:44:14,783 ib_insync.wrapper ERROR Error 200, reqId 531518: No security definition has been found for the request, contract: Option(symbol='RAMCOCEM', lastTradeDateOrContractMonth='20190926', strike=1010.0, right='C', exchange='NSE')
2019-07-30 23:44:16,018 ib_insync.wrapper ERROR Error 200, reqId 531556: No security definition has been found for the request, contract: Option(symbol='RELCAPITA', lastTradeDateOrContractMonth='20190926', strike=200.0, right='C', exchange='NSE')
2019-07-30 23:44:16,020 ib_insync.wrapper ERROR Error 200, reqId 531557: No security definition has been found for the request, contract: Option(symbol='RELCAPITA', lastTradeDateOrContractMonth='20190926', strike=220.0, right='C', exchange='NSE')
2019-07-30 23:44:16,022 ib_insync.wrapper ERROR Error 200, reqId 531555: No security definition has been found for the request, contract: Option(symbol='RELCAPITA', lastTradeDateOrContractMonth='20190926', strike=210.0, right='C', exchange='NSE')
2019-07-30 23:44:16,024 ib_insync.wrapper ERROR Error 200, reqId 531558: No security definition has been found for the request, contract: Option(symbol='RELCAPITA', lastTradeDateOrContractMonth='20190926', strike=190.0, right='C', exchange='NSE')
2019-07-30 23:44:16,026 ib_insync.wrapper ERROR Error 200, reqId 531559: No security definition has been found for the request, contract: Option(symbol='RELCAPITA', lastTradeDateOrContractMonth='20190926', strike=230.0, right='C', exchange='NSE')
2019-07-30 23:44:16,029 ib_insync.wrapper ERROR Error 200, reqId 531575: No security definition has been found for the request, contract: Option(symbol='RELINFRA', lastTradeDateOrContractMonth='20190926', strike=165.0, right='C', exchange='NSE')
2019-07-30 23:44:16,031 ib_insync.wrapper ERROR Error 200, reqId 531577: No security definition has been found for the request, contract: Option(symbol='RELINFRA', lastTradeDateOrContractMonth='20190926', strike=155.0, right='C', exchange='NSE')
2019-07-30 23:44:16,043 ib_insync.wrapper ERROR Error 200, reqId 531576: No security definition has been found for the request, contract: Option(symbol='RELINFRA', lastTradeDateOrContractMonth='20190926', strike=160.0, right='C', exchange='NSE')
2019-07-30 23:44:16,045 ib_insync.wrapper ERROR Error 200, reqId 531579: No security definition has been found for the request, contract: Option(symbol='RELINFRA', lastTradeDateOrContractMonth='20190926', strike=145.0, right='C', exchange='NSE')
2019-07-30 23:44:16,049 ib_insync.wrapper ERROR Error 200, reqId 531578: No security definition has been found for the request, contract: Option(symbol='RELINFRA', lastTradeDateOrContractMonth='20190926', strike=150.0, right='C', exchange='NSE')
2019-07-30 23:44:17,045 ib_insync.wrapper ERROR Error 200, reqId 531606: No security definition has been found for the request, contract: Option(symbol='SHREECEM', lastTradeDateOrContractMonth='20190926', strike=15000.0, right='P', exchange='NSE')
2019-07-30 23:44:17,046 ib_insync.wrapper ERROR Error 200, reqId 531609: No security definition has been found for the request, contract: Option(symbol='SHREECEM', lastTradeDateOrContractMonth='20190926', strike=15250.0, right='P', exchange='NSE')
2019-07-30 23:44:17,340 ib_insync.wrapper ERROR Error 200, reqId 531639: No security definition has been found for the request, contract: Option(symbol='SRTRANSFI', lastTradeDateOrContractMonth='20190926', strike=1520.0, right='C', exchange='NSE')
2019-07-30 23:44:17,848 ib_insync.wrapper ERROR Error 200, reqId 531655: No security definition has been found for the request, contract: Option(symbol='SUNPHARMA', lastTradeDateOrContractMonth='20190926', strike=610.0, right='C', exchange='NSE')
2019-07-30 23:44:17,855 ib_insync.wrapper ERROR Error 200, reqId 531657: No security definition has been found for the request, contract: Option(symbol='SUNPHARMA', lastTradeDateOrContractMonth='20190926', strike=620.0, right='C', exchange='NSE')
2019-07-30 23:44:18,877 ib_insync.wrapper ERROR Error 200, reqId 531705: No security definition has been found for the request, contract: Option(symbol='TATAMOTOR', lastTradeDateOrContractMonth='20190926', strike=245.0, right='C', exchange='NSE')
2019-07-30 23:44:18,879 ib_insync.wrapper ERROR Error 200, reqId 531706: No security definition has been found for the request, contract: Option(symbol='TATAMOTOR', lastTradeDateOrContractMonth='20190926', strike=250.0, right='C', exchange='NSE')
2019-07-30 23:44:18,881 ib_insync.wrapper ERROR Error 200, reqId 531708: No security definition has been found for the request, contract: Option(symbol='TATAMOTOR', lastTradeDateOrContractMonth='20190926', strike=255.0, right='C', exchange='NSE')
2019-07-30 23:44:21,949 ib_insync.wrapper ERROR Error 200, reqId 531827: No security definition has been found for the request, contract: Option(symbol='ULTRACEMC', lastTradeDateOrContractMonth='20190926', strike=5750.0, right='C', exchange='NSE')
2019-07-30 23:44:21,953 ib_insync.wrapper ERROR Error 200, reqId 531828: No security definition has been found for the request, contract: Option(symbol='ULTRACEMC', lastTradeDateOrContractMonth='20190926', strike=5650.0, right='C', exchange='NSE')
2019-07-30 23:44:22,439 ib_insync.client WARNING Stopped to throttle requests
2019-07-30 23:44:23,431 ib_insync.wrapper ERROR Error 200, reqId 531887: No security definition has been found for the request, contract: Option(symbol='YESBANK', lastTradeDateOrContractMonth='20190926', strike=200.0, right='C', exchange='NSE')
2019-07-30 23:44:23,433 ib_insync.wrapper ERROR Error 200, reqId 531886: No security definition has been found for the request, contract: Option(symbol='YESBANK', lastTradeDateOrContractMonth='20190926', strike=220.0, right='C', exchange='NSE')
2019-07-30 23:44:23,434 ib_insync.wrapper ERROR Error 200, reqId 531885: No security definition has been found for the request, contract: Option(symbol='YESBANK', lastTradeDateOrContractMonth='20190926', strike=210.0, right='C', exchange='NSE')
2019-07-30 23:44:23,436 ib_insync.wrapper ERROR Error 200, reqId 531889: No security definition has been found for the request, contract: Option(symbol='YESBANK', lastTradeDateOrContractMonth='20190926', strike=190.0, right='C', exchange='NSE')
2019-07-30 23:44:23,439 ib_insync.wrapper ERROR Error 200, reqId 531888: No security definition has been found for the request, contract: Option(symbol='YESBANK', lastTradeDateOrContractMonth='20190926', strike=230.0, right='C', exchange='NSE')
2019-07-30 23:44:23,441 ib_insync.wrapper ERROR Error 200, reqId 531895: No security definition has been found for the request, contract: Option(symbol='ZEEL', lastTradeDateOrContractMonth='20190926', strike=160.0, right='P', exchange='NSE')
2019-07-30 23:44:23,444 ib_insync.wrapper ERROR Error 200, reqId 531896: No security definition has been found for the request, contract: Option(symbol='ZEEL', lastTradeDateOrContractMonth='20190926', strike=180.0, right='P', exchange='NSE')
2019-07-30 23:44:23,445 ib_insync.wrapper ERROR Error 200, reqId 531898: No security definition has been found for the request, contract: Option(symbol='ZEEL', lastTradeDateOrContractMonth='20190926', strike=140.0, right='P', exchange='NSE')
2019-07-30 23:44:23,546 ib_insync.ib ERROR Unknown contract: Option(symbol='ADANIENT', lastTradeDateOrContractMonth='20190926', strike=220.0, right='C', exchange='NSE')
2019-07-30 23:44:23,546 ib_insync.ib ERROR Unknown contract: Option(symbol='ADANIPOWE', lastTradeDateOrContractMonth='20190926', strike=37.5, right='P', exchange='NSE')
2019-07-30 23:44:23,548 ib_insync.ib ERROR Unknown contract: Option(symbol='AUROPHARM', lastTradeDateOrContractMonth='20190926', strike=830.0, right='C', exchange='NSE')
2019-07-30 23:44:23,549 ib_insync.ib ERROR Unknown contract: Option(symbol='BALKRISIN', lastTradeDateOrContractMonth='20190926', strike=1160.0, right='C', exchange='NSE')
2019-07-30 23:44:23,549 ib_insync.ib ERROR Unknown contract: Option(symbol='BALKRISIN', lastTradeDateOrContractMonth='20190926', strike=1180.0, right='C', exchange='NSE')
2019-07-30 23:44:23,550 ib_insync.ib ERROR Unknown contract: Option(symbol='BALKRISIN', lastTradeDateOrContractMonth='20190926', strike=1140.0, right='C', exchange='NSE')
2019-07-30 23:44:23,550 ib_insync.ib ERROR Unknown contract: Option(symbol='BALKRISIN', lastTradeDateOrContractMonth='20190926', strike=1200.0, right='C', exchange='NSE')
2019-07-30 23:44:23,550 ib_insync.ib ERROR Unknown contract: Option(symbol='BALKRISIN', lastTradeDateOrContractMonth='20190926', strike=1120.0, right='C', exchange='NSE')
2019-07-30 23:44:23,551 ib_insync.ib ERROR Unknown contract: Option(symbol='BANKBAROD', lastTradeDateOrContractMonth='20190926', strike=157.5, right='C', exchange='NSE')
2019-07-30 23:44:23,551 ib_insync.ib ERROR Unknown contract: Option(symbol='BANKBAROD', lastTradeDateOrContractMonth='20190926', strike=152.5, right='C', exchange='NSE')
2019-07-30 23:44:23,551 ib_insync.ib ERROR Unknown contract: Option(symbol='BANKBAROD', lastTradeDateOrContractMonth='20190926', strike=162.5, right='C', exchange='NSE')
2019-07-30 23:44:23,552 ib_insync.ib ERROR Unknown contract: Option(symbol='BHARATFOR', lastTradeDateOrContractMonth='20190926', strike=230.0, right='P', exchange='NSE')
2019-07-30 23:44:23,554 ib_insync.ib ERROR Unknown contract: Option(symbol='CESC', lastTradeDateOrContractMonth='20190926', strike=550.0, right='P', exchange='NSE')
2019-07-30 23:44:23,555 ib_insync.ib ERROR Unknown contract: Option(symbol='CESC', lastTradeDateOrContractMonth='20190926', strike=910.0, right='C', exchange='NSE')
2019-07-30 23:44:23,555 ib_insync.ib ERROR Unknown contract: Option(symbol='CHOLAFIN', lastTradeDateOrContractMonth='20190926', strike=336.0, right='C', exchange='NSE')
2019-07-30 23:44:23,556 ib_insync.ib ERROR Unknown contract: Option(symbol='CHOLAFIN', lastTradeDateOrContractMonth='20190926', strike=332.0, right='C', exchange='NSE')
2019-07-30 23:44:23,556 ib_insync.ib ERROR Unknown contract: Option(symbol='CIPLA', lastTradeDateOrContractMonth='20190926', strike=665.0, right='C', exchange='NSE')
2019-07-30 23:44:23,556 ib_insync.ib ERROR Unknown contract: Option(symbol='COLPAL', lastTradeDateOrContractMonth='20190926', strike=1500.0, right='C', exchange='NSE')
2019-07-30 23:44:23,557 ib_insync.ib ERROR Unknown contract: Option(symbol='COLPAL', lastTradeDateOrContractMonth='20190926', strike=1480.0, right='C', exchange='NSE')
2019-07-30 23:44:23,557 ib_insync.ib ERROR Unknown contract: Option(symbol='DABUR', lastTradeDateOrContractMonth='20190926', strike=295.0, right='P', exchange='NSE')
2019-07-30 23:44:23,558 ib_insync.ib ERROR Unknown contract: Option(symbol='DABUR', lastTradeDateOrContractMonth='20190926', strike=290.0, right='P', exchange='NSE')
2019-07-30 23:44:23,558 ib_insync.ib ERROR Unknown contract: Option(symbol='DHFL', lastTradeDateOrContractMonth='20190926', strike=210.0, right='C', exchange='NSE')
2019-07-30 23:44:23,558 ib_insync.ib ERROR Unknown contract: Option(symbol='DHFL', lastTradeDateOrContractMonth='20190926', strike=200.0, right='C', exchange='NSE')
2019-07-30 23:44:23,559 ib_insync.ib ERROR Unknown contract: Option(symbol='DHFL', lastTradeDateOrContractMonth='20190926', strike=190.0, right='C', exchange='NSE')
2019-07-30 23:44:23,559 ib_insync.ib ERROR Unknown contract: Option(symbol='DHFL', lastTradeDateOrContractMonth='20190926', strike=180.0, right='C', exchange='NSE')
2019-07-30 23:44:23,559 ib_insync.ib ERROR Unknown contract: Option(symbol='DHFL', lastTradeDateOrContractMonth='20190926', strike=170.0, right='C', exchange='NSE')
2019-07-30 23:44:23,559 ib_insync.ib ERROR Unknown contract: Option(symbol='DISHTV', lastTradeDateOrContractMonth='20190926', strike=52.5, right='C', exchange='NSE')
2019-07-30 23:44:23,560 ib_insync.ib ERROR Unknown contract: Option(symbol='DISHTV', lastTradeDateOrContractMonth='20190926', strike=55.0, right='C', exchange='NSE')
2019-07-30 23:44:23,560 ib_insync.ib ERROR Unknown contract: Option(symbol='DISHTV', lastTradeDateOrContractMonth='20190926', strike=50.0, right='C', exchange='NSE')
2019-07-30 23:44:23,560 ib_insync.ib ERROR Unknown contract: Option(symbol='DISHTV', lastTradeDateOrContractMonth='20190926', strike=47.5, right='C', exchange='NSE')
2019-07-30 23:44:23,560 ib_insync.ib ERROR Unknown contract: Option(symbol='DRREDDY', lastTradeDateOrContractMonth='20190926', strike=3800.0, right='C', exchange='NSE')
2019-07-30 23:44:23,560 ib_insync.ib ERROR Unknown contract: Option(symbol='EXIDEIND', lastTradeDateOrContractMonth='20190926', strike=105.0, right='P', exchange='NSE')
2019-07-30 23:44:23,561 ib_insync.ib ERROR Unknown contract: Option(symbol='EXIDEIND', lastTradeDateOrContractMonth='20190926', strike=100.0, right='P', exchange='NSE')
2019-07-30 23:44:23,561 ib_insync.ib ERROR Unknown contract: Option(symbol='FEDERALBN', lastTradeDateOrContractMonth='20190926', strike=123.0, right='C', exchange='NSE')
2019-07-30 23:44:23,561 ib_insync.ib ERROR Unknown contract: Option(symbol='FEDERALBN', lastTradeDateOrContractMonth='20190926', strike=122.0, right='C', exchange='NSE')
2019-07-30 23:44:23,561 ib_insync.ib ERROR Unknown contract: Option(symbol='FEDERALBN', lastTradeDateOrContractMonth='20190926', strike=124.0, right='C', exchange='NSE')
2019-07-30 23:44:23,562 ib_insync.ib ERROR Unknown contract: Option(symbol='GRASIM', lastTradeDateOrContractMonth='20190926', strike=1050.0, right='C', exchange='NSE')
2019-07-30 23:44:23,562 ib_insync.ib ERROR Unknown contract: Option(symbol='GRASIM', lastTradeDateOrContractMonth='20190926', strike=1030.0, right='C', exchange='NSE')
2019-07-30 23:44:23,562 ib_insync.ib ERROR Unknown contract: Option(symbol='GRASIM', lastTradeDateOrContractMonth='20190926', strike=1070.0, right='C', exchange='NSE')
2019-07-30 23:44:23,563 ib_insync.ib ERROR Unknown contract: Option(symbol='HEXAWARE', lastTradeDateOrContractMonth='20190926', strike=515.0, right='C', exchange='NSE')
2019-07-30 23:44:23,563 ib_insync.ib ERROR Unknown contract: Option(symbol='HEXAWARE', lastTradeDateOrContractMonth='20190926', strike=510.0, right='C', exchange='NSE')
2019-07-30 23:44:23,564 ib_insync.ib ERROR Unknown contract: Option(symbol='HEXAWARE', lastTradeDateOrContractMonth='20190926', strike=505.0, right='C', exchange='NSE')
2019-07-30 23:44:23,564 ib_insync.ib ERROR Unknown contract: Option(symbol='HEXAWARE', lastTradeDateOrContractMonth='20190926', strike=500.0, right='C', exchange='NSE')
2019-07-30 23:44:23,564 ib_insync.ib ERROR Unknown contract: Option(symbol='HEXAWARE', lastTradeDateOrContractMonth='20190926', strike=495.0, right='C', exchange='NSE')
2019-07-30 23:44:23,565 ib_insync.ib ERROR Unknown contract: Option(symbol='HINDALCO', lastTradeDateOrContractMonth='20190926', strike=257.5, right='C', exchange='NSE')
2019-07-30 23:44:23,565 ib_insync.ib ERROR Unknown contract: Option(symbol='HINDPETRO', lastTradeDateOrContractMonth='20190926', strike=375.0, right='C', exchange='NSE')
2019-07-30 23:44:23,565 ib_insync.ib ERROR Unknown contract: Option(symbol='HINDPETRO', lastTradeDateOrContractMonth='20190926', strike=365.0, right='C', exchange='NSE')
2019-07-30 23:44:23,565 ib_insync.ib ERROR Unknown contract: Option(symbol='HINDZINC', lastTradeDateOrContractMonth='20190926', strike=145.0, right='P', exchange='NSE')
2019-07-30 23:44:23,566 ib_insync.ib ERROR Unknown contract: Option(symbol='HINDZINC', lastTradeDateOrContractMonth='20190926', strike=140.0, right='P', exchange='NSE')
2019-07-30 23:44:23,566 ib_insync.ib ERROR Unknown contract: Option(symbol='IDBI', lastTradeDateOrContractMonth='20190926', strike=58.0, right='C', exchange='NSE')
2019-07-30 23:44:23,566 ib_insync.ib ERROR Unknown contract: Option(symbol='IDBI', lastTradeDateOrContractMonth='20190926', strike=57.0, right='C', exchange='NSE')
2019-07-30 23:44:23,567 ib_insync.ib ERROR Unknown contract: Option(symbol='IDBI', lastTradeDateOrContractMonth='20190926', strike=56.0, right='C', exchange='NSE')
2019-07-30 23:44:23,567 ib_insync.ib ERROR Unknown contract: Option(symbol='IDBI', lastTradeDateOrContractMonth='20190926', strike=55.0, right='C', exchange='NSE')
2019-07-30 23:44:23,567 ib_insync.ib ERROR Unknown contract: Option(symbol='IDEA', lastTradeDateOrContractMonth='20190926', strike=24.0, right='C', exchange='NSE')
2019-07-30 23:44:23,567 ib_insync.ib ERROR Unknown contract: Option(symbol='IDEA', lastTradeDateOrContractMonth='20190926', strike=25.0, right='C', exchange='NSE')
2019-07-30 23:44:23,568 ib_insync.ib ERROR Unknown contract: Option(symbol='IDEA', lastTradeDateOrContractMonth='20190926', strike=23.0, right='C', exchange='NSE')
2019-07-30 23:44:23,569 ib_insync.ib ERROR Unknown contract: Option(symbol='IDEA', lastTradeDateOrContractMonth='20190926', strike=26.0, right='C', exchange='NSE')
2019-07-30 23:44:23,569 ib_insync.ib ERROR Unknown contract: Option(symbol='INDUSINDB', lastTradeDateOrContractMonth='20190926', strike=1920.0, right='C', exchange='NSE')
2019-07-30 23:44:23,569 ib_insync.ib ERROR Unknown contract: Option(symbol='INDUSINDB', lastTradeDateOrContractMonth='20190926', strike=1940.0, right='C', exchange='NSE')
2019-07-30 23:44:23,570 ib_insync.ib ERROR Unknown contract: Option(symbol='ITC', lastTradeDateOrContractMonth='20190926', strike=332.5, right='C', exchange='NSE')
2019-07-30 23:44:23,570 ib_insync.ib ERROR Unknown contract: Option(symbol='ITC', lastTradeDateOrContractMonth='20190926', strike=335.0, right='C', exchange='NSE')
2019-07-30 23:44:23,570 ib_insync.ib ERROR Unknown contract: Option(symbol='ITC', lastTradeDateOrContractMonth='20190926', strike=337.5, right='C', exchange='NSE')
2019-07-30 23:44:23,572 ib_insync.ib ERROR Unknown contract: Option(symbol='MANAPPURA', lastTradeDateOrContractMonth='20190926', strike=157.5, right='C', exchange='NSE')
2019-07-30 23:44:23,572 ib_insync.ib ERROR Unknown contract: Option(symbol='MANAPPURA', lastTradeDateOrContractMonth='20190926', strike=152.5, right='C', exchange='NSE')
2019-07-30 23:44:23,572 ib_insync.ib ERROR Unknown contract: Option(symbol='MCDOWELL-', lastTradeDateOrContractMonth='20190926', strike=350.0, right='P', exchange='NSE')
2019-07-30 23:44:23,572 ib_insync.ib ERROR Unknown contract: Option(symbol='MCDOWELL-', lastTradeDateOrContractMonth='20190926', strike=340.0, right='P', exchange='NSE')
2019-07-30 23:44:23,573 ib_insync.ib ERROR Unknown contract: Option(symbol='MGL', lastTradeDateOrContractMonth='20190926', strike=1010.0, right='C', exchange='NSE')
2019-07-30 23:44:23,573 ib_insync.ib ERROR Unknown contract: Option(symbol='MGL', lastTradeDateOrContractMonth='20190926', strike=990.0, right='C', exchange='NSE')
2019-07-30 23:44:23,573 ib_insync.ib ERROR Unknown contract: Option(symbol='MINDTREE', lastTradeDateOrContractMonth='20190926', strike=1160.0, right='C', exchange='NSE')
2019-07-30 23:44:23,574 ib_insync.ib ERROR Unknown contract: Option(symbol='MRF', lastTradeDateOrContractMonth='20190926', strike=67500.0, right='C', exchange='NSE')
2019-07-30 23:44:23,574 ib_insync.ib ERROR Unknown contract: Option(symbol='NBCC', lastTradeDateOrContractMonth='20190926', strike=67.5, right='C', exchange='NSE')
2019-07-30 23:44:23,575 ib_insync.ib ERROR Unknown contract: Option(symbol='NIITTECH', lastTradeDateOrContractMonth='20190926', strike=1660.0, right='C', exchange='NSE')
2019-07-30 23:44:23,575 ib_insync.ib ERROR Unknown contract: Option(symbol='NIITTECH', lastTradeDateOrContractMonth='20190926', strike=1640.0, right='C', exchange='NSE')
2019-07-30 23:44:23,575 ib_insync.ib ERROR Unknown contract: Option(symbol='NIITTECH', lastTradeDateOrContractMonth='20190926', strike=1680.0, right='C', exchange='NSE')
2019-07-30 23:44:23,575 ib_insync.ib ERROR Unknown contract: Option(symbol='NIITTECH', lastTradeDateOrContractMonth='20190926', strike=1620.0, right='C', exchange='NSE')
2019-07-30 23:44:23,576 ib_insync.ib ERROR Unknown contract: Option(symbol='NIITTECH', lastTradeDateOrContractMonth='20190926', strike=1700.0, right='C', exchange='NSE')
2019-07-30 23:44:23,576 ib_insync.ib ERROR Unknown contract: Option(symbol='OFSS', lastTradeDateOrContractMonth='20190926', strike=4200.0, right='C', exchange='NSE')
2019-07-30 23:44:23,576 ib_insync.ib ERROR Unknown contract: Option(symbol='OFSS', lastTradeDateOrContractMonth='20190926', strike=4250.0, right='C', exchange='NSE')
2019-07-30 23:44:23,576 ib_insync.ib ERROR Unknown contract: Option(symbol='OFSS', lastTradeDateOrContractMonth='20190926', strike=4150.0, right='C', exchange='NSE')
2019-07-30 23:44:23,576 ib_insync.ib ERROR Unknown contract: Option(symbol='OFSS', lastTradeDateOrContractMonth='20190926', strike=4300.0, right='C', exchange='NSE')
2019-07-30 23:44:23,577 ib_insync.ib ERROR Unknown contract: Option(symbol='OFSS', lastTradeDateOrContractMonth='20190926', strike=4100.0, right='C', exchange='NSE')
2019-07-30 23:44:23,577 ib_insync.ib ERROR Unknown contract: Option(symbol='PAGEIND', lastTradeDateOrContractMonth='20190926', strike=31000.0, right='C', exchange='NSE')
2019-07-30 23:44:23,577 ib_insync.ib ERROR Unknown contract: Option(symbol='PAGEIND', lastTradeDateOrContractMonth='20190926', strike=30500.0, right='C', exchange='NSE')
2019-07-30 23:44:23,577 ib_insync.ib ERROR Unknown contract: Option(symbol='PAGEIND', lastTradeDateOrContractMonth='20190926', strike=30000.0, right='C', exchange='NSE')
2019-07-30 23:44:23,578 ib_insync.ib ERROR Unknown contract: Option(symbol='PAGEIND', lastTradeDateOrContractMonth='20190926', strike=29500.0, right='C', exchange='NSE')
2019-07-30 23:44:23,580 ib_insync.ib ERROR Unknown contract: Option(symbol='RAMCOCEM', lastTradeDateOrContractMonth='20190926', strike=1010.0, right='C', exchange='NSE')
2019-07-30 23:44:23,580 ib_insync.ib ERROR Unknown contract: Option(symbol='RELCAPITA', lastTradeDateOrContractMonth='20190926', strike=210.0, right='C', exchange='NSE')
2019-07-30 23:44:23,581 ib_insync.ib ERROR Unknown contract: Option(symbol='RELCAPITA', lastTradeDateOrContractMonth='20190926', strike=200.0, right='C', exchange='NSE')
2019-07-30 23:44:23,581 ib_insync.ib ERROR Unknown contract: Option(symbol='RELCAPITA', lastTradeDateOrContractMonth='20190926', strike=220.0, right='C', exchange='NSE')
2019-07-30 23:44:23,581 ib_insync.ib ERROR Unknown contract: Option(symbol='RELCAPITA', lastTradeDateOrContractMonth='20190926', strike=190.0, right='C', exchange='NSE')
2019-07-30 23:44:23,581 ib_insync.ib ERROR Unknown contract: Option(symbol='RELCAPITA', lastTradeDateOrContractMonth='20190926', strike=230.0, right='C', exchange='NSE')
2019-07-30 23:44:23,581 ib_insync.ib ERROR Unknown contract: Option(symbol='RELINFRA', lastTradeDateOrContractMonth='20190926', strike=165.0, right='C', exchange='NSE')
2019-07-30 23:44:23,582 ib_insync.ib ERROR Unknown contract: Option(symbol='RELINFRA', lastTradeDateOrContractMonth='20190926', strike=160.0, right='C', exchange='NSE')
2019-07-30 23:44:23,582 ib_insync.ib ERROR Unknown contract: Option(symbol='RELINFRA', lastTradeDateOrContractMonth='20190926', strike=155.0, right='C', exchange='NSE')
2019-07-30 23:44:23,582 ib_insync.ib ERROR Unknown contract: Option(symbol='RELINFRA', lastTradeDateOrContractMonth='20190926', strike=150.0, right='C', exchange='NSE')
2019-07-30 23:44:23,582 ib_insync.ib ERROR Unknown contract: Option(symbol='RELINFRA', lastTradeDateOrContractMonth='20190926', strike=145.0, right='C', exchange='NSE')
2019-07-30 23:44:23,583 ib_insync.ib ERROR Unknown contract: Option(symbol='SHREECEM', lastTradeDateOrContractMonth='20190926', strike=15000.0, right='P', exchange='NSE')
2019-07-30 23:44:23,583 ib_insync.ib ERROR Unknown contract: Option(symbol='SHREECEM', lastTradeDateOrContractMonth='20190926', strike=15250.0, right='P', exchange='NSE')
2019-07-30 23:44:23,583 ib_insync.ib ERROR Unknown contract: Option(symbol='SRTRANSFI', lastTradeDateOrContractMonth='20190926', strike=1520.0, right='C', exchange='NSE')
2019-07-30 23:44:23,584 ib_insync.ib ERROR Unknown contract: Option(symbol='SUNPHARMA', lastTradeDateOrContractMonth='20190926', strike=610.0, right='C', exchange='NSE')
2019-07-30 23:44:23,584 ib_insync.ib ERROR Unknown contract: Option(symbol='SUNPHARMA', lastTradeDateOrContractMonth='20190926', strike=620.0, right='C', exchange='NSE')
2019-07-30 23:44:23,585 ib_insync.ib ERROR Unknown contract: Option(symbol='TATAMOTOR', lastTradeDateOrContractMonth='20190926', strike=245.0, right='C', exchange='NSE')
2019-07-30 23:44:23,585 ib_insync.ib ERROR Unknown contract: Option(symbol='TATAMOTOR', lastTradeDateOrContractMonth='20190926', strike=250.0, right='C', exchange='NSE')
2019-07-30 23:44:23,585 ib_insync.ib ERROR Unknown contract: Option(symbol='TATAMOTOR', lastTradeDateOrContractMonth='20190926', strike=255.0, right='C', exchange='NSE')
2019-07-30 23:44:23,587 ib_insync.ib ERROR Unknown contract: Option(symbol='ULTRACEMC', lastTradeDateOrContractMonth='20190926', strike=5750.0, right='C', exchange='NSE')
2019-07-30 23:44:23,587 ib_insync.ib ERROR Unknown contract: Option(symbol='ULTRACEMC', lastTradeDateOrContractMonth='20190926', strike=5650.0, right='C', exchange='NSE')
2019-07-30 23:44:23,588 ib_insync.ib ERROR Unknown contract: Option(symbol='YESBANK', lastTradeDateOrContractMonth='20190926', strike=210.0, right='C', exchange='NSE')
2019-07-30 23:44:23,588 ib_insync.ib ERROR Unknown contract: Option(symbol='YESBANK', lastTradeDateOrContractMonth='20190926', strike=220.0, right='C', exchange='NSE')
2019-07-30 23:44:23,588 ib_insync.ib ERROR Unknown contract: Option(symbol='YESBANK', lastTradeDateOrContractMonth='20190926', strike=200.0, right='C', exchange='NSE')
2019-07-30 23:44:23,588 ib_insync.ib ERROR Unknown contract: Option(symbol='YESBANK', lastTradeDateOrContractMonth='20190926', strike=230.0, right='C', exchange='NSE')
2019-07-30 23:44:23,589 ib_insync.ib ERROR Unknown contract: Option(symbol='YESBANK', lastTradeDateOrContractMonth='20190926', strike=190.0, right='C', exchange='NSE')
2019-07-30 23:44:23,589 ib_insync.ib ERROR Unknown contract: Option(symbol='ZEEL', lastTradeDateOrContractMonth='20190926', strike=160.0, right='P', exchange='NSE')
2019-07-30 23:44:23,589 ib_insync.ib ERROR Unknown contract: Option(symbol='ZEEL', lastTradeDateOrContractMonth='20190926', strike=180.0, right='P', exchange='NSE')
2019-07-30 23:44:23,589 ib_insync.ib ERROR Unknown contract: Option(symbol='ZEEL', lastTradeDateOrContractMonth='20190926', strike=140.0, right='P', exchange='NSE')
2019-07-30 23:44:23,614 ib_insync.client WARNING Started to throttle requests
2019-07-30 23:44:57,294 ib_insync.client WARNING Stopped to throttle requests
2019-07-31 00:00:19,178 ib_insync.ib INFO Disconnecting from 127.0.0.1:3000, 634 kB sent in 5262 messages, 9.00 MB received in 19235 messages, session time 1.58 ks.
2019-07-31 00:00:19,178 ib_insync.client INFO Disconnecting
2019-07-31 00:00:19,486 ib_insync.client INFO Disconnected
