2019-06-30 08:03:23,819 ib_insync.client INFO Connecting to 127.0.0.1:3000 with clientId 1...
2019-06-30 08:03:23,824 ib_insync.client INFO Connected
2019-06-30 08:03:23,930 ib_insync.client INFO Logged on to server version 148
2019-06-30 08:03:23,944 ib_insync.client INFO API connection ready
2019-06-30 08:03:23,966 ib_insync.wrapper INFO updatePortfolio: PortfolioItem(contract=Stock(conId=56988229, symbol='ALBK', right='0', primaryExchange='NSE', currency='INR', localSymbol='ALBK', tradingClass='ALBK'), position=-39000.0, marketPrice=49.7840004, marketValue=-1941576.02, averageCost=47.99662075, unrealizedPNL=-69707.81, realizedPNL=0.0, account='U9329809')
2019-06-30 08:03:23,969 ib_insync.wrapper INFO updatePortfolio: PortfolioItem(contract=Option(conId=362652287, symbol='POWERGRID', lastTradeDateOrContractMonth='20190725', strike=170.0, right='P', multiplier='1', primaryExchange='NSE', currency='INR', localSymbol='POWERGRID19JUL170PE', tradingClass='POWERGRID'), position=-4000.0, marketPrice=0.0942737, marketValue=-377.09, averageCost=2.99167, unrealizedPNL=11589.59, realizedPNL=0.0, account='U9329809')
2019-06-30 08:03:23,970 ib_insync.wrapper INFO updatePortfolio: PortfolioItem(contract=Stock(conId=56986853, symbol='TORNTPOWE', right='0', primaryExchange='NSE', currency='INR', localSymbol='TORNTPOWER', tradingClass='TORNTPOWE'), position=-3000.0, marketPrice=280.71398925, marketValue=-842141.97, averageCost=284.9824036, unrealizedPNL=12805.24, realizedPNL=0.0, account='U9329809')
2019-06-30 08:03:23,971 ib_insync.wrapper INFO updatePortfolio: PortfolioItem(contract=Option(conId=362650684, symbol='TORNTPOWE', lastTradeDateOrContractMonth='20190725', strike=300.0, right='C', multiplier='1', primaryExchange='NSE', currency='INR', localSymbol='TORNTPOWER19JUL300CE', tradingClass='TORNTPOWER'), position=-3000.0, marketPrice=3.95000005, marketValue=-11850.0, averageCost=3.93894885, unrealizedPNL=-33.15, realizedPNL=0.0, account='U9329809')
2019-06-30 08:03:23,980 ib_insync.wrapper INFO position: Position(account='U9329809', contract=Option(conId=362650684, symbol='TORNTPOWE', lastTradeDateOrContractMonth='20190725', strike=300.0, right='C', multiplier='1', currency='INR', localSymbol='TORNTPOWER19JUL300CE', tradingClass='TORNTPOWER'), position=-3000.0, avgCost=3.93894885)
2019-06-30 08:03:23,980 ib_insync.wrapper INFO position: Position(account='U9329809', contract=Stock(conId=56986853, symbol='TORNTPOWE', exchange='NSE', currency='INR', localSymbol='TORNTPOWER', tradingClass='TORNTPOWE'), position=-3000.0, avgCost=284.9824036)
2019-06-30 08:03:23,984 ib_insync.wrapper INFO position: Position(account='U9329809', contract=Stock(conId=56988229, symbol='ALBK', exchange='NSE', currency='INR', localSymbol='ALBK', tradingClass='ALBK'), position=-39000.0, avgCost=47.99662075)
2019-06-30 08:03:23,984 ib_insync.wrapper INFO position: Position(account='U9329809', contract=Option(conId=362652287, symbol='POWERGRID', lastTradeDateOrContractMonth='20190725', strike=170.0, right='P', multiplier='1', currency='INR', localSymbol='POWERGRID19JUL170PE', tradingClass='POWERGRID'), position=-4000.0, avgCost=2.99167)
2019-06-30 08:03:24,010 ib_insync.ib INFO Synchronization complete
2019-06-30 08:03:24,021 ib_insync.client WARNING Started to throttle requests
2019-06-30 08:03:28,073 ib_insync.client WARNING Stopped to throttle requests
2019-06-30 08:04:10,807 ib_insync.ib INFO Disconnecting from 127.0.0.1:3000, 16.8 kB sent in 404 messages, 527 kB received in 1056 messages, session time 47.0 s.
2019-06-30 08:04:10,809 ib_insync.client INFO Disconnecting
2019-06-30 08:04:11,088 ib_insync.client INFO Disconnected
2019-06-30 08:04:11,090 ib_insync.client INFO Connecting to 127.0.0.1:3000 with clientId 1...
2019-06-30 08:04:11,097 ib_insync.client INFO Connected
2019-06-30 08:04:11,122 ib_insync.client INFO Logged on to server version 148
2019-06-30 08:04:11,728 ib_insync.client ERROR Peer closed connection
2019-06-30 08:04:11,729 ib_insync.client ERROR clientId 1 already in use?
2019-06-30 08:04:13,093 ib_insync.client ERROR API connection failed: CancelledError()
2019-06-30 08:04:13,107 ib_insync.client INFO Connecting to 127.0.0.1:3000 with clientId 2...
2019-06-30 08:04:13,114 ib_insync.client INFO Connected
2019-06-30 08:04:13,138 ib_insync.client INFO Logged on to server version 148
2019-06-30 08:04:13,158 ib_insync.client INFO API connection ready
2019-06-30 08:04:13,178 ib_insync.wrapper INFO updatePortfolio: PortfolioItem(contract=Stock(conId=56988229, symbol='ALBK', right='0', primaryExchange='NSE', currency='INR', localSymbol='ALBK', tradingClass='ALBK'), position=-39000.0, marketPrice=49.7840004, marketValue=-1941576.02, averageCost=47.99662075, unrealizedPNL=-69707.81, realizedPNL=0.0, account='U9329809')
2019-06-30 08:04:13,182 ib_insync.wrapper INFO updatePortfolio: PortfolioItem(contract=Option(conId=362652287, symbol='POWERGRID', lastTradeDateOrContractMonth='20190725', strike=170.0, right='P', multiplier='1', primaryExchange='NSE', currency='INR', localSymbol='POWERGRID19JUL170PE', tradingClass='POWERGRID'), position=-4000.0, marketPrice=0.0942737, marketValue=-377.09, averageCost=2.99167, unrealizedPNL=11589.59, realizedPNL=0.0, account='U9329809')
2019-06-30 08:04:13,183 ib_insync.wrapper INFO updatePortfolio: PortfolioItem(contract=Stock(conId=56986853, symbol='TORNTPOWE', right='0', primaryExchange='NSE', currency='INR', localSymbol='TORNTPOWER', tradingClass='TORNTPOWE'), position=-3000.0, marketPrice=280.71398925, marketValue=-842141.97, averageCost=284.9824036, unrealizedPNL=12805.24, realizedPNL=0.0, account='U9329809')
2019-06-30 08:04:13,185 ib_insync.wrapper INFO updatePortfolio: PortfolioItem(contract=Option(conId=362650684, symbol='TORNTPOWE', lastTradeDateOrContractMonth='20190725', strike=300.0, right='C', multiplier='1', primaryExchange='NSE', currency='INR', localSymbol='TORNTPOWER19JUL300CE', tradingClass='TORNTPOWER'), position=-3000.0, marketPrice=3.95000005, marketValue=-11850.0, averageCost=3.93894885, unrealizedPNL=-33.15, realizedPNL=0.0, account='U9329809')
2019-06-30 08:04:13,187 ib_insync.wrapper INFO position: Position(account='U9329809', contract=Option(conId=362650684, symbol='TORNTPOWE', lastTradeDateOrContractMonth='20190725', strike=300.0, right='C', multiplier='1', currency='INR', localSymbol='TORNTPOWER19JUL300CE', tradingClass='TORNTPOWER'), position=-3000.0, avgCost=3.93894885)
2019-06-30 08:04:13,187 ib_insync.wrapper INFO position: Position(account='U9329809', contract=Stock(conId=56986853, symbol='TORNTPOWE', exchange='NSE', currency='INR', localSymbol='TORNTPOWER', tradingClass='TORNTPOWE'), position=-3000.0, avgCost=284.9824036)
2019-06-30 08:04:13,187 ib_insync.wrapper INFO position: Position(account='U9329809', contract=Stock(conId=56988229, symbol='ALBK', exchange='NSE', currency='INR', localSymbol='ALBK', tradingClass='ALBK'), position=-39000.0, avgCost=47.99662075)
2019-06-30 08:04:13,191 ib_insync.wrapper INFO position: Position(account='U9329809', contract=Option(conId=362652287, symbol='POWERGRID', lastTradeDateOrContractMonth='20190725', strike=170.0, right='P', multiplier='1', currency='INR', localSymbol='POWERGRID19JUL170PE', tradingClass='POWERGRID'), position=-4000.0, avgCost=2.99167)
2019-06-30 08:04:13,207 ib_insync.ib INFO Synchronization complete
2019-06-30 08:04:16,879 ib_insync.wrapper INFO Warning 2106, reqId -1: HMDS data farm connection is OK:ushmds
2019-06-30 08:04:18,763 ib_insync.wrapper INFO Warning 2106, reqId -1: HMDS data farm connection is OK:hkhmds
2019-06-30 08:06:56,386 ib_insync.wrapper ERROR Error 162, reqId 79099: Historical Market Data Service error message:No market data permissions for BSEI STK, contract: Contract(secType='STK', conId=78429379, symbol='LUPIN', exchange='NSE', primaryExchange='NSE', currency='INR', localSymbol='LUPIN', tradingClass='LUPIN')
2019-06-30 08:10:00,116 ib_insync.ib INFO Disconnecting from 127.0.0.1:3000, 23.0 kB sent in 336 messages, 3.87 MB received in 796 messages, session time 347 s.
2019-06-30 08:10:00,121 ib_insync.client INFO Disconnecting
2019-06-30 08:10:00,170 ib_insync.client INFO Disconnected
2019-06-30 08:11:07,533 ib_insync.client INFO Connecting to 127.0.0.1:3000 with clientId 1...
2019-06-30 08:11:07,536 ib_insync.client INFO Connected
2019-06-30 08:11:07,543 ib_insync.client INFO Logged on to server version 148
2019-06-30 08:11:07,545 ib_insync.client INFO API connection ready
2019-06-30 08:11:07,545 ib_insync.wrapper INFO Warning 2106, reqId -1: HMDS data farm connection is OK:hkhmds
2019-06-30 08:11:07,545 ib_insync.wrapper INFO Warning 2106, reqId -1: HMDS data farm connection is OK:ushmds
2019-06-30 08:11:07,551 ib_insync.wrapper INFO updatePortfolio: PortfolioItem(contract=Stock(conId=56988229, symbol='ALBK', right='0', primaryExchange='NSE', currency='INR', localSymbol='ALBK', tradingClass='ALBK'), position=-39000.0, marketPrice=49.7840004, marketValue=-1941576.02, averageCost=47.99662075, unrealizedPNL=-69707.81, realizedPNL=0.0, account='U9329809')
2019-06-30 08:11:07,551 ib_insync.wrapper INFO updatePortfolio: PortfolioItem(contract=Option(conId=362652287, symbol='POWERGRID', lastTradeDateOrContractMonth='20190725', strike=170.0, right='P', multiplier='1', primaryExchange='NSE', currency='INR', localSymbol='POWERGRID19JUL170PE', tradingClass='POWERGRID'), position=-4000.0, marketPrice=0.0942737, marketValue=-377.09, averageCost=2.99167, unrealizedPNL=11589.59, realizedPNL=0.0, account='U9329809')
2019-06-30 08:11:07,551 ib_insync.wrapper INFO updatePortfolio: PortfolioItem(contract=Stock(conId=56986853, symbol='TORNTPOWE', right='0', primaryExchange='NSE', currency='INR', localSymbol='TORNTPOWER', tradingClass='TORNTPOWE'), position=-3000.0, marketPrice=280.71398925, marketValue=-842141.97, averageCost=284.9824036, unrealizedPNL=12805.24, realizedPNL=0.0, account='U9329809')
2019-06-30 08:11:07,551 ib_insync.wrapper INFO updatePortfolio: PortfolioItem(contract=Option(conId=362650684, symbol='TORNTPOWE', lastTradeDateOrContractMonth='20190725', strike=300.0, right='C', multiplier='1', primaryExchange='NSE', currency='INR', localSymbol='TORNTPOWER19JUL300CE', tradingClass='TORNTPOWER'), position=-3000.0, marketPrice=3.95000005, marketValue=-11850.0, averageCost=3.93894885, unrealizedPNL=-33.15, realizedPNL=0.0, account='U9329809')
2019-06-30 08:11:07,551 ib_insync.wrapper INFO position: Position(account='U9329809', contract=Option(conId=362650684, symbol='TORNTPOWE', lastTradeDateOrContractMonth='20190725', strike=300.0, right='C', multiplier='1', currency='INR', localSymbol='TORNTPOWER19JUL300CE', tradingClass='TORNTPOWER'), position=-3000.0, avgCost=3.93894885)
2019-06-30 08:11:07,551 ib_insync.wrapper INFO position: Position(account='U9329809', contract=Stock(conId=56986853, symbol='TORNTPOWE', exchange='NSE', currency='INR', localSymbol='TORNTPOWER', tradingClass='TORNTPOWE'), position=-3000.0, avgCost=284.9824036)
2019-06-30 08:11:07,551 ib_insync.wrapper INFO position: Position(account='U9329809', contract=Stock(conId=56988229, symbol='ALBK', exchange='NSE', currency='INR', localSymbol='ALBK', tradingClass='ALBK'), position=-39000.0, avgCost=47.99662075)
2019-06-30 08:11:07,551 ib_insync.wrapper INFO position: Position(account='U9329809', contract=Option(conId=362652287, symbol='POWERGRID', lastTradeDateOrContractMonth='20190725', strike=170.0, right='P', multiplier='1', currency='INR', localSymbol='POWERGRID19JUL170PE', tradingClass='POWERGRID'), position=-4000.0, avgCost=2.99167)
2019-06-30 08:11:07,556 ib_insync.ib INFO Synchronization complete
2019-06-30 08:11:07,556 ib_insync.ib INFO Disconnecting from 127.0.0.1:3000, 108 B sent in 6 messages, 14.7 kB received in 289 messages, session time 23.3 ms.
2019-06-30 08:11:07,556 ib_insync.client INFO Disconnecting
2019-06-30 08:11:07,573 ib_insync.client INFO Disconnected
